2024-08-22 10:10:23 INFO  TC_01_AccountRegistration:20 - TC_01_AccountRegistration started
2024-08-22 10:10:23 INFO  TC_01_AccountRegistration:22 - clicked on m,yaccount
2024-08-22 10:10:24 INFO  TC_01_AccountRegistration:25 - clicked on registration
2024-08-22 10:10:24 INFO  TC_01_AccountRegistration:27 - enter customer details
2024-08-22 10:10:25 INFO  TC_01_AccountRegistration:38 - clicked on continue
2024-08-22 10:10:25 INFO  TC_01_AccountRegistration:45 - TC_01_AccountRegistration finished
2024-08-22 10:10:27 INFO  TC_02_LoginTest:15 - TC_02_LoginTest started
2024-08-22 10:10:27 INFO  TC_02_LoginTest:19 - clicked on myaccount
2024-08-22 10:10:28 INFO  TC_02_LoginTest:21 - clicked on login
2024-08-22 10:10:28 INFO  TC_02_LoginTest:26 - entered email and password
2024-08-22 10:10:28 INFO  TC_02_LoginTest:31 -  verified maccuntapge
2024-08-22 10:13:10 INFO  TC_01_AccountRegistration:20 - TC_01_AccountRegistration started
2024-08-22 10:13:10 INFO  TC_01_AccountRegistration:22 - clicked on m,yaccount
2024-08-22 10:13:10 INFO  TC_01_AccountRegistration:25 - clicked on registration
2024-08-22 10:13:10 INFO  TC_01_AccountRegistration:27 - enter customer details
2024-08-22 10:13:12 INFO  TC_01_AccountRegistration:38 - clicked on continue
2024-08-22 10:13:12 INFO  TC_01_AccountRegistration:45 - TC_01_AccountRegistration finished
2024-08-22 10:13:14 INFO  TC_02_LoginTest:15 - TC_02_LoginTest started
2024-08-22 10:13:14 INFO  TC_02_LoginTest:19 - clicked on myaccount
2024-08-22 10:13:14 INFO  TC_02_LoginTest:21 - clicked on login
2024-08-22 10:13:14 INFO  TC_02_LoginTest:26 - entered email and password
2024-08-22 10:13:15 INFO  TC_02_LoginTest:31 -  verified maccuntapge
2024-08-22 11:22:08 INFO  TC_01_AccountRegistration:20 - TC_01_AccountRegistration started
2024-08-22 11:22:08 INFO  TC_01_AccountRegistration:22 - clicked on m,yaccount
2024-08-22 11:22:09 INFO  TC_01_AccountRegistration:25 - clicked on registration
2024-08-22 11:22:09 INFO  TC_01_AccountRegistration:27 - enter customer details
2024-08-22 11:22:11 INFO  TC_01_AccountRegistration:38 - clicked on continue
2024-08-22 11:22:12 INFO  TC_01_AccountRegistration:45 - TC_01_AccountRegistration finished
2024-08-22 11:22:15 INFO  TC_02_LoginTest:15 - TC_02_LoginTest started
2024-08-22 11:22:16 INFO  TC_02_LoginTest:19 - clicked on myaccount
2024-08-22 11:22:16 INFO  TC_02_LoginTest:21 - clicked on login
2024-08-22 11:22:16 INFO  TC_02_LoginTest:26 - entered email and password
2024-08-22 11:22:17 INFO  TC_02_LoginTest:31 -  verified maccuntapge
2024-08-22 11:34:34 INFO  TC_01_AccountRegistration:20 - TC_01_AccountRegistration started
2024-08-22 11:34:34 INFO  TC_01_AccountRegistration:22 - clicked on m,yaccount
2024-08-22 11:34:35 INFO  TC_01_AccountRegistration:25 - clicked on registration
2024-08-22 11:34:35 INFO  TC_01_AccountRegistration:27 - enter customer details
2024-08-22 11:34:38 INFO  TC_01_AccountRegistration:38 - clicked on continue
2024-08-22 11:34:38 INFO  TC_01_AccountRegistration:45 - TC_01_AccountRegistration finished
2024-08-22 11:34:41 INFO  TC_02_LoginTest:15 - TC_02_LoginTest started
2024-08-22 11:34:41 INFO  TC_02_LoginTest:19 - clicked on myaccount
2024-08-22 11:34:41 INFO  TC_02_LoginTest:21 - clicked on login
2024-08-22 11:34:42 INFO  TC_02_LoginTest:26 - entered email and password
2024-08-22 11:34:42 INFO  TC_02_LoginTest:31 -  verified maccuntapge
